{
  "stats": {
    "suites": 1,
    "tests": 3,
    "passes": 3,
    "pending": 0,
    "failures": 0,
    "start": "2023-02-21T00:45:54.156Z",
    "end": "2023-02-21T00:46:02.286Z",
    "duration": 8130,
    "testsRegistered": 3,
    "passPercent": 100,
    "pendingPercent": 0,
    "other": 0,
    "hasOther": false,
    "skipped": 0,
    "hasSkipped": false
  },
  "results": [
    {
      "uuid": "03ee9903-ace5-4abf-a2b7-a729ac819f4e",
      "title": "",
      "fullFile": "cypress\\e2e\\AluraPic\\RegistroDeUsuario.spec.cy.js",
      "file": "cypress\\e2e\\AluraPic\\RegistroDeUsuario.spec.cy.js",
      "beforeHooks": [],
      "afterHooks": [],
      "tests": [],
      "suites": [
        {
          "uuid": "1ec4e989-1460-48fb-9dfb-a7d7e302f038",
          "title": "Login e registro de usuarios alura pic",
          "fullFile": "",
          "file": "",
          "beforeHooks": [],
          "afterHooks": [],
          "tests": [
            {
              "title": "verifica mensagens validacao",
              "fullTitle": "Login e registro de usuarios alura pic verifica mensagens validacao",
              "timedOut": null,
              "duration": 2426,
              "state": "passed",
              "speed": "fast",
              "pass": true,
              "fail": false,
              "pending": false,
              "context": null,
              "code": "cy.contains('a', 'Register now').click();\ncy.contains('button', 'Register').click();\ncy.contains('ap-vmessage', 'Email is required!').should('be.visible');\ncy.contains('button', 'Register').click();\ncy.contains('ap-vmessage', 'User name is required!').should('be.visible');\ncy.contains('ap-vmessage', 'Password is required!').should('be.visible');\ncy.contains('ap-vmessage', 'Full name is required!').should('be.visible');",
              "err": {},
              "uuid": "4015a8be-ce15-4c5d-a7b3-30dcb977a318",
              "parentUUID": "1ec4e989-1460-48fb-9dfb-a7d7e302f038",
              "isHook": false,
              "skipped": false
            },
            {
              "title": "verifica mensagens de email invalido",
              "fullTitle": "Login e registro de usuarios alura pic verifica mensagens de email invalido",
              "timedOut": null,
              "duration": 1303,
              "state": "passed",
              "speed": "fast",
              "pass": true,
              "fail": false,
              "pending": false,
              "context": null,
              "code": "cy.contains('a', 'Register now').click();\ncy.contains('button', 'Register').click();\ncy.get('input[formcontrolname=\"email\"]').type('jacqueline');\ncy.contains('ap-vmessage', 'Invalid e-mail').should('be.visible');",
              "err": {},
              "uuid": "c147d555-ca8b-4470-a45c-ba5537d43206",
              "parentUUID": "1ec4e989-1460-48fb-9dfb-a7d7e302f038",
              "isHook": false,
              "skipped": false
            },
            {
              "title": "verifica mensagens de senha com menos de 8 caracteres",
              "fullTitle": "Login e registro de usuarios alura pic verifica mensagens de senha com menos de 8 caracteres",
              "timedOut": null,
              "duration": 1289,
              "state": "passed",
              "speed": "fast",
              "pass": true,
              "fail": false,
              "pending": false,
              "context": null,
              "code": "cy.contains('a', 'Register now').click();\ncy.contains('button', 'Register').click();\ncy.get('input[formcontrolname=\"password\"]').type('123');\ncy.contains('button', 'Register').click();\ncy.contains('ap-vmessage', 'Mininum length is 8').should('be.visible');",
              "err": {},
              "uuid": "ef54eca4-2c19-4669-bdd3-9fba8c92056b",
              "parentUUID": "1ec4e989-1460-48fb-9dfb-a7d7e302f038",
              "isHook": false,
              "skipped": false
            }
          ],
          "suites": [],
          "passes": [
            "4015a8be-ce15-4c5d-a7b3-30dcb977a318",
            "c147d555-ca8b-4470-a45c-ba5537d43206",
            "ef54eca4-2c19-4669-bdd3-9fba8c92056b"
          ],
          "failures": [],
          "pending": [],
          "skipped": [],
          "duration": 5018,
          "root": false,
          "rootEmpty": false,
          "_timeout": 2000
        }
      ],
      "passes": [],
      "failures": [],
      "pending": [],
      "skipped": [],
      "duration": 0,
      "root": true,
      "rootEmpty": true,
      "_timeout": 2000
    }
  ],
  "meta": {
    "mocha": {
      "version": "7.0.1"
    },
    "mochawesome": {
      "options": {
        "quiet": false,
        "reportFilename": "mochawesome",
        "saveHtml": true,
        "saveJson": true,
        "consoleReporter": "spec",
        "useInlineDiffs": false,
        "code": true
      },
      "version": "7.1.3"
    },
    "marge": {
      "options": null,
      "version": "6.2.0"
    }
  }
}